{"/Users/mark/ipc/modules/mocha-http/mocha-http.js":{"path":"/Users/mark/ipc/modules/mocha-http/mocha-http.js","s":{"1":1,"2":1,"3":1,"4":1,"5":1,"6":1,"7":4,"8":4,"9":4,"10":4,"11":1,"12":1,"13":1,"14":1,"15":1,"16":1,"17":1,"18":1,"19":1,"20":6,"21":5,"22":1,"23":1,"24":15,"25":3,"26":2,"27":1,"28":1,"29":15,"30":5,"31":6,"32":1,"33":5,"34":5,"35":15,"36":15,"37":15,"38":1,"39":3,"40":3,"41":1,"42":2,"43":2,"44":2,"45":1,"46":15,"47":15,"48":15,"49":9,"50":2,"51":7,"52":6,"53":4,"54":3,"55":8,"56":4,"57":4,"58":15,"59":1,"60":8,"61":8,"62":8,"63":8,"64":12,"65":12,"66":4,"67":8},"b":{"1":[4,3,2],"2":[5,1],"3":[2,1],"4":[3,2],"5":[5,10],"6":[15,5],"7":[1,5],"8":[13,2],"9":[13,2],"10":[1,2],"11":[15,15],"12":[2,7],"13":[7,5],"14":[4,2],"15":[4,0],"16":[4,8]},"f":{"1":1,"2":4,"3":1,"4":1,"5":6,"6":15,"7":3,"8":2,"9":15,"10":9,"11":8},"fnMap":{"1":{"name":"(anonymous_1)","line":1,"loc":{"start":{"line":1,"column":1},"end":{"line":1,"column":12}}},"2":{"name":"Tests","line":10,"loc":{"start":{"line":10,"column":1},"end":{"line":10,"column":21}}},"3":{"name":"(anonymous_3)","line":23,"loc":{"start":{"line":23,"column":38},"end":{"line":23,"column":52}}},"4":{"name":"(anonymous_4)","line":27,"loc":{"start":{"line":27,"column":35},"end":{"line":27,"column":54}}},"5":{"name":"addParamTerminator","line":32,"loc":{"start":{"line":32,"column":1},"end":{"line":32,"column":34}}},"6":{"name":"(anonymous_6)","line":40,"loc":{"start":{"line":40,"column":23},"end":{"line":40,"column":46}}},"7":{"name":"(anonymous_7)","line":67,"loc":{"start":{"line":67,"column":28},"end":{"line":67,"column":41}}},"8":{"name":"(anonymous_8)","line":72,"loc":{"start":{"line":72,"column":27},"end":{"line":72,"column":46}}},"9":{"name":"(anonymous_9)","line":77,"loc":{"start":{"line":77,"column":24},"end":{"line":77,"column":42}}},"10":{"name":"(anonymous_10)","line":81,"loc":{"start":{"line":81,"column":12},"end":{"line":81,"column":34}}},"11":{"name":"getProperty","line":106,"loc":{"start":{"line":106,"column":1},"end":{"line":106,"column":28}}}},"statementMap":{"1":{"start":{"line":1,"column":0},"end":{"line":122,"column":13}},"2":{"start":{"line":4,"column":4},"end":{"line":4,"column":35}},"3":{"start":{"line":5,"column":4},"end":{"line":5,"column":37}},"4":{"start":{"line":7,"column":1},"end":{"line":7,"column":40}},"5":{"start":{"line":8,"column":1},"end":{"line":8,"column":44}},"6":{"start":{"line":10,"column":1},"end":{"line":16,"column":2}},"7":{"start":{"line":11,"column":2},"end":{"line":11,"column":19}},"8":{"start":{"line":12,"column":2},"end":{"line":12,"column":67}},"9":{"start":{"line":13,"column":2},"end":{"line":13,"column":26}},"10":{"start":{"line":15,"column":2},"end":{"line":15,"column":14}},"11":{"start":{"line":18,"column":1},"end":{"line":18,"column":30}},"12":{"start":{"line":21,"column":1},"end":{"line":21,"column":35}},"13":{"start":{"line":23,"column":1},"end":{"line":26,"column":3}},"14":{"start":{"line":24,"column":2},"end":{"line":24,"column":33}},"15":{"start":{"line":25,"column":2},"end":{"line":25,"column":14}},"16":{"start":{"line":27,"column":1},"end":{"line":30,"column":3}},"17":{"start":{"line":28,"column":2},"end":{"line":28,"column":32}},"18":{"start":{"line":29,"column":2},"end":{"line":29,"column":14}},"19":{"start":{"line":32,"column":1},"end":{"line":38,"column":2}},"20":{"start":{"line":33,"column":2},"end":{"line":37,"column":3}},"21":{"start":{"line":34,"column":3},"end":{"line":34,"column":14}},"22":{"start":{"line":36,"column":3},"end":{"line":36,"column":14}},"23":{"start":{"line":40,"column":1},"end":{"line":66,"column":2}},"24":{"start":{"line":42,"column":2},"end":{"line":49,"column":3}},"25":{"start":{"line":44,"column":3},"end":{"line":46,"column":4}},"26":{"start":{"line":45,"column":4},"end":{"line":45,"column":13}},"27":{"start":{"line":47,"column":3},"end":{"line":47,"column":36}},"28":{"start":{"line":48,"column":3},"end":{"line":48,"column":86}},"29":{"start":{"line":52,"column":2},"end":{"line":60,"column":3}},"30":{"start":{"line":53,"column":3},"end":{"line":59,"column":4}},"31":{"start":{"line":54,"column":4},"end":{"line":56,"column":5}},"32":{"start":{"line":55,"column":5},"end":{"line":55,"column":14}},"33":{"start":{"line":57,"column":4},"end":{"line":57,"column":37}},"34":{"start":{"line":58,"column":4},"end":{"line":58,"column":75}},"35":{"start":{"line":62,"column":2},"end":{"line":62,"column":34}},"36":{"start":{"line":63,"column":2},"end":{"line":63,"column":68}},"37":{"start":{"line":64,"column":2},"end":{"line":64,"column":68}},"38":{"start":{"line":67,"column":1},"end":{"line":76,"column":2}},"39":{"start":{"line":68,"column":2},"end":{"line":68,"column":15}},"40":{"start":{"line":69,"column":2},"end":{"line":71,"column":3}},"41":{"start":{"line":70,"column":3},"end":{"line":70,"column":10}},"42":{"start":{"line":72,"column":8},"end":{"line":75,"column":11}},"43":{"start":{"line":73,"column":9},"end":{"line":73,"column":23}},"44":{"start":{"line":74,"column":9},"end":{"line":74,"column":25}},"45":{"start":{"line":77,"column":1},"end":{"line":104,"column":2}},"46":{"start":{"line":78,"column":2},"end":{"line":78,"column":15}},"47":{"start":{"line":79,"column":2},"end":{"line":79,"column":48}},"48":{"start":{"line":81,"column":2},"end":{"line":98,"column":3}},"49":{"start":{"line":82,"column":3},"end":{"line":84,"column":4}},"50":{"start":{"line":83,"column":4},"end":{"line":83,"column":14}},"51":{"start":{"line":86,"column":3},"end":{"line":86,"column":54}},"52":{"start":{"line":88,"column":12},"end":{"line":93,"column":13}},"53":{"start":{"line":89,"column":13},"end":{"line":89,"column":41}},"54":{"start":{"line":90,"column":13},"end":{"line":92,"column":14}},"55":{"start":{"line":91,"column":14},"end":{"line":91,"column":65}},"56":{"start":{"line":95,"column":12},"end":{"line":97,"column":13}},"57":{"start":{"line":96,"column":13},"end":{"line":96,"column":30}},"58":{"start":{"line":101,"column":3},"end":{"line":101,"column":62}},"59":{"start":{"line":106,"column":1},"end":{"line":119,"column":2}},"60":{"start":{"line":107,"column":5},"end":{"line":107,"column":40}},"61":{"start":{"line":108,"column":5},"end":{"line":108,"column":30}},"62":{"start":{"line":109,"column":5},"end":{"line":109,"column":26}},"63":{"start":{"line":111,"column":5},"end":{"line":118,"column":6}},"64":{"start":{"line":112,"column":9},"end":{"line":112,"column":24}},"65":{"start":{"line":113,"column":9},"end":{"line":117,"column":10}},"66":{"start":{"line":114,"column":13},"end":{"line":114,"column":24}},"67":{"start":{"line":116,"column":13},"end":{"line":116,"column":27}}},"branchMap":{"1":{"line":12,"type":"binary-expr","locations":[{"start":{"line":12,"column":14},"end":{"line":12,"column":18}},{"start":{"line":12,"column":22},"end":{"line":12,"column":44}},{"start":{"line":12,"column":48},"end":{"line":12,"column":66}}]},"2":{"line":33,"type":"if","locations":[{"start":{"line":33,"column":2},"end":{"line":33,"column":2}},{"start":{"line":33,"column":2},"end":{"line":33,"column":2}}]},"3":{"line":44,"type":"if","locations":[{"start":{"line":44,"column":3},"end":{"line":44,"column":3}},{"start":{"line":44,"column":3},"end":{"line":44,"column":3}}]},"4":{"line":44,"type":"binary-expr","locations":[{"start":{"line":44,"column":6},"end":{"line":44,"column":12}},{"start":{"line":44,"column":16},"end":{"line":44,"column":50}}]},"5":{"line":52,"type":"if","locations":[{"start":{"line":52,"column":2},"end":{"line":52,"column":2}},{"start":{"line":52,"column":2},"end":{"line":52,"column":2}}]},"6":{"line":52,"type":"binary-expr","locations":[{"start":{"line":52,"column":5},"end":{"line":52,"column":11}},{"start":{"line":52,"column":15},"end":{"line":52,"column":45}}]},"7":{"line":54,"type":"if","locations":[{"start":{"line":54,"column":4},"end":{"line":54,"column":4}},{"start":{"line":54,"column":4},"end":{"line":54,"column":4}}]},"8":{"line":63,"type":"cond-expr","locations":[{"start":{"line":63,"column":33},"end":{"line":63,"column":47}},{"start":{"line":63,"column":50},"end":{"line":63,"column":52}}]},"9":{"line":64,"type":"cond-expr","locations":[{"start":{"line":64,"column":34},"end":{"line":64,"column":48}},{"start":{"line":64,"column":51},"end":{"line":64,"column":53}}]},"10":{"line":69,"type":"if","locations":[{"start":{"line":69,"column":2},"end":{"line":69,"column":2}},{"start":{"line":69,"column":2},"end":{"line":69,"column":2}}]},"11":{"line":79,"type":"binary-expr","locations":[{"start":{"line":79,"column":12},"end":{"line":79,"column":23}},{"start":{"line":79,"column":27},"end":{"line":79,"column":32}}]},"12":{"line":82,"type":"if","locations":[{"start":{"line":82,"column":3},"end":{"line":82,"column":3}},{"start":{"line":82,"column":3},"end":{"line":82,"column":3}}]},"13":{"line":86,"type":"binary-expr","locations":[{"start":{"line":86,"column":33},"end":{"line":86,"column":44}},{"start":{"line":86,"column":48},"end":{"line":86,"column":51}}]},"14":{"line":88,"type":"if","locations":[{"start":{"line":88,"column":12},"end":{"line":88,"column":12}},{"start":{"line":88,"column":12},"end":{"line":88,"column":12}}]},"15":{"line":95,"type":"if","locations":[{"start":{"line":95,"column":12},"end":{"line":95,"column":12}},{"start":{"line":95,"column":12},"end":{"line":95,"column":12}}]},"16":{"line":113,"type":"if","locations":[{"start":{"line":113,"column":9},"end":{"line":113,"column":9}},{"start":{"line":113,"column":9},"end":{"line":113,"column":9}}]}}}}