TN:
SF:/Users/mark/ipc/modules/mocha-http-utils/mocha-http.js
FN:1,(anonymous_1)
FN:10,Tests
FN:23,(anonymous_3)
FN:27,(anonymous_4)
FN:32,addParamTerminator
FN:40,(anonymous_6)
FN:67,(anonymous_7)
FN:72,(anonymous_8)
FN:77,(anonymous_9)
FN:81,(anonymous_10)
FN:114,getProperty
FNF:11
FNH:11
FNDA:1,(anonymous_1)
FNDA:4,Tests
FNDA:1,(anonymous_3)
FNDA:1,(anonymous_4)
FNDA:6,addParamTerminator
FNDA:17,(anonymous_6)
FNDA:3,(anonymous_7)
FNDA:2,(anonymous_8)
FNDA:17,(anonymous_9)
FNDA:11,(anonymous_10)
FNDA:12,getProperty
DA:1,1
DA:4,1
DA:5,1
DA:7,1
DA:8,1
DA:10,1
DA:11,4
DA:12,4
DA:13,4
DA:15,4
DA:18,1
DA:21,1
DA:23,1
DA:24,1
DA:25,1
DA:27,1
DA:28,1
DA:29,1
DA:32,1
DA:33,6
DA:34,5
DA:36,1
DA:40,1
DA:42,17
DA:44,3
DA:45,2
DA:47,1
DA:48,1
DA:52,17
DA:53,5
DA:54,6
DA:55,1
DA:57,5
DA:58,5
DA:62,17
DA:63,17
DA:64,17
DA:67,1
DA:68,3
DA:69,3
DA:70,1
DA:72,2
DA:73,2
DA:74,2
DA:77,1
DA:78,17
DA:79,17
DA:81,17
DA:82,11
DA:83,2
DA:86,9
DA:88,8
DA:89,5
DA:90,4
DA:91,12
DA:95,6
DA:96,5
DA:100,17
DA:101,17
DA:102,1
DA:104,17
DA:107,17
DA:114,1
DA:115,12
DA:116,12
DA:117,12
DA:119,12
DA:120,18
DA:121,18
DA:122,6
DA:124,12
LF:71
LH:71
BRDA:12,1,0,4
BRDA:12,1,1,3
BRDA:12,1,2,2
BRDA:33,2,0,5
BRDA:33,2,1,1
BRDA:44,3,0,2
BRDA:44,3,1,1
BRDA:44,4,0,3
BRDA:44,4,1,2
BRDA:52,5,0,5
BRDA:52,5,1,12
BRDA:52,6,0,17
BRDA:52,6,1,5
BRDA:54,7,0,1
BRDA:54,7,1,5
BRDA:63,8,0,15
BRDA:63,8,1,2
BRDA:64,9,0,15
BRDA:64,9,1,2
BRDA:69,10,0,1
BRDA:69,10,1,2
BRDA:79,11,0,17
BRDA:79,11,1,17
BRDA:82,12,0,2
BRDA:82,12,1,9
BRDA:86,13,0,9
BRDA:86,13,1,7
BRDA:88,14,0,5
BRDA:88,14,1,3
BRDA:95,15,0,5
BRDA:95,15,1,1
BRDA:101,16,0,1
BRDA:101,16,1,16
BRDA:121,17,0,6
BRDA:121,17,1,12
BRF:35
BRH:35
end_of_record
